0 info it worked if it ends with ok
1 verbose cli [ '/usr/bin/nodejs', '/usr/bin/npm', 'install', '-g', 'less' ]
2 info using npm@3.10.9
3 info using node@v6.9.2
4 silly loadCurrentTree Starting
5 silly install loadCurrentTree
6 silly install readGlobalPackageData
7 silly fetchPackageMetaData less
8 silly fetchNamedPackageData less
9 silly mapToRegistry name less
10 silly mapToRegistry using default registry
11 silly mapToRegistry registry https://registry.npmjs.org/
12 silly mapToRegistry data Result {
12 silly mapToRegistry   raw: 'less',
12 silly mapToRegistry   scope: null,
12 silly mapToRegistry   escapedName: 'less',
12 silly mapToRegistry   name: 'less',
12 silly mapToRegistry   rawSpec: '',
12 silly mapToRegistry   spec: 'latest',
12 silly mapToRegistry   type: 'tag' }
13 silly mapToRegistry uri https://registry.npmjs.org/less
14 verbose request uri https://registry.npmjs.org/less
15 verbose request no auth needed
16 info attempt registry request try #1 at 4:06:43 PM
17 verbose request id db6d78b4aadd03f1
18 http request GET https://registry.npmjs.org/less
19 http 200 https://registry.npmjs.org/less
20 verbose headers { server: 'nginx/1.10.1',
20 verbose headers   'content-type': 'application/json',
20 verbose headers   'last-modified': 'Sun, 01 Jan 2017 21:02:55 GMT',
20 verbose headers   etag: 'W/"58696e7f-1e5b4"',
20 verbose headers   'content-encoding': 'gzip',
20 verbose headers   'cache-control': 'max-age=300',
20 verbose headers   'content-length': '11395',
20 verbose headers   'accept-ranges': 'bytes',
20 verbose headers   date: 'Tue, 03 Jan 2017 10:36:40 GMT',
20 verbose headers   via: '1.1 varnish',
20 verbose headers   age: '284',
20 verbose headers   connection: 'keep-alive',
20 verbose headers   'x-served-by': 'cache-lcy1139-LCY',
20 verbose headers   'x-cache': 'HIT',
20 verbose headers   'x-cache-hits': '2',
20 verbose headers   'x-timer': 'S1483439800.127655,VS0,VE0',
20 verbose headers   vary: 'Accept-Encoding' }
21 silly get cb [ 200,
21 silly get   { server: 'nginx/1.10.1',
21 silly get     'content-type': 'application/json',
21 silly get     'last-modified': 'Sun, 01 Jan 2017 21:02:55 GMT',
21 silly get     etag: 'W/"58696e7f-1e5b4"',
21 silly get     'content-encoding': 'gzip',
21 silly get     'cache-control': 'max-age=300',
21 silly get     'content-length': '11395',
21 silly get     'accept-ranges': 'bytes',
21 silly get     date: 'Tue, 03 Jan 2017 10:36:40 GMT',
21 silly get     via: '1.1 varnish',
21 silly get     age: '284',
21 silly get     connection: 'keep-alive',
21 silly get     'x-served-by': 'cache-lcy1139-LCY',
21 silly get     'x-cache': 'HIT',
21 silly get     'x-cache-hits': '2',
21 silly get     'x-timer': 'S1483439800.127655,VS0,VE0',
21 silly get     vary: 'Accept-Encoding' } ]
22 verbose get saving less to /home/bridgeit/.npm/registry.npmjs.org/less/.cache.json
23 verbose correctMkdir /home/bridgeit/.npm correctMkdir not in flight; initializing
24 silly install normalizeTree
25 silly loadCurrentTree Finishing
26 silly loadIdealTree Starting
27 silly install loadIdealTree
28 silly cloneCurrentTree Starting
29 silly install cloneCurrentTreeToIdealTree
30 silly cloneCurrentTree Finishing
31 silly loadShrinkwrap Starting
32 silly install loadShrinkwrap
33 silly loadShrinkwrap Finishing
34 silly loadAllDepsIntoIdealTree Starting
35 silly install loadAllDepsIntoIdealTree
36 silly resolveWithNewModule less@2.7.1 checking installable status
37 silly cache add args [ 'less', null ]
38 verbose cache add spec less
39 silly cache add parsed spec Result {
39 silly cache add   raw: 'less',
39 silly cache add   scope: null,
39 silly cache add   escapedName: 'less',
39 silly cache add   name: 'less',
39 silly cache add   rawSpec: '',
39 silly cache add   spec: 'latest',
39 silly cache add   type: 'tag' }
40 silly addNamed less@latest
41 verbose addNamed "latest" is being treated as a dist-tag for less
42 info addNameTag [ 'less', 'latest' ]
43 silly mapToRegistry name less
44 silly mapToRegistry using default registry
45 silly mapToRegistry registry https://registry.npmjs.org/
46 silly mapToRegistry data Result {
46 silly mapToRegistry   raw: 'less',
46 silly mapToRegistry   scope: null,
46 silly mapToRegistry   escapedName: 'less',
46 silly mapToRegistry   name: 'less',
46 silly mapToRegistry   rawSpec: '',
46 silly mapToRegistry   spec: 'latest',
46 silly mapToRegistry   type: 'tag' }
47 silly mapToRegistry uri https://registry.npmjs.org/less
48 verbose addNameTag registry:https://registry.npmjs.org/less not in flight; fetching
49 verbose get https://registry.npmjs.org/less not expired, no request
50 silly addNameTag next cb for less with tag latest
51 silly addNamed less@2.7.1
52 verbose addNamed "2.7.1" is a plain semver version for less
53 silly mapToRegistry name less
54 silly mapToRegistry using default registry
55 silly mapToRegistry registry https://registry.npmjs.org/
56 silly mapToRegistry data Result {
56 silly mapToRegistry   raw: 'less',
56 silly mapToRegistry   scope: null,
56 silly mapToRegistry   escapedName: 'less',
56 silly mapToRegistry   name: 'less',
56 silly mapToRegistry   rawSpec: '',
56 silly mapToRegistry   spec: 'latest',
56 silly mapToRegistry   type: 'tag' }
57 silly mapToRegistry uri https://registry.npmjs.org/less
58 verbose addRemoteTarball https://registry.npmjs.org/less/-/less-2.7.1.tgz not in flight; adding
59 verbose addRemoteTarball [ 'https://registry.npmjs.org/less/-/less-2.7.1.tgz',
59 verbose addRemoteTarball   '6cbfea22b3b830304e9a5fb371d54fa480c9d7cf' ]
60 info retry fetch attempt 1 at 4:06:44 PM
61 info attempt registry request try #1 at 4:06:44 PM
62 http fetch GET https://registry.npmjs.org/less/-/less-2.7.1.tgz
63 http fetch 200 https://registry.npmjs.org/less/-/less-2.7.1.tgz
64 silly fetchAndShaCheck shasum 6cbfea22b3b830304e9a5fb371d54fa480c9d7cf
65 verbose addTmpTarball /tmp/npm-9681-cc374a8a/registry.npmjs.org/less/-/less-2.7.1.tgz not in flight; adding
66 verbose addTmpTarball already have metadata; skipping unpack for less@2.7.1
67 verbose correctMkdir /home/bridgeit/.npm correctMkdir not in flight; initializing
68 silly cache afterAdd less@2.7.1
69 verbose afterAdd /home/bridgeit/.npm/less/2.7.1/package/package.json not in flight; writing
70 verbose correctMkdir /home/bridgeit/.npm correctMkdir not in flight; initializing
71 verbose afterAdd /home/bridgeit/.npm/less/2.7.1/package/package.json written
72 silly fetchNamedPackageData errno
73 silly mapToRegistry name errno
74 silly mapToRegistry using default registry
75 silly mapToRegistry registry https://registry.npmjs.org/
76 silly mapToRegistry data Result {
76 silly mapToRegistry   raw: 'errno',
76 silly mapToRegistry   scope: null,
76 silly mapToRegistry   escapedName: 'errno',
76 silly mapToRegistry   name: 'errno',
76 silly mapToRegistry   rawSpec: '',
76 silly mapToRegistry   spec: 'latest',
76 silly mapToRegistry   type: 'tag' }
77 silly mapToRegistry uri https://registry.npmjs.org/errno
78 silly fetchNamedPackageData graceful-fs
79 silly mapToRegistry name graceful-fs
80 silly mapToRegistry using default registry
81 silly mapToRegistry registry https://registry.npmjs.org/
82 silly mapToRegistry data Result {
82 silly mapToRegistry   raw: 'graceful-fs',
82 silly mapToRegistry   scope: null,
82 silly mapToRegistry   escapedName: 'graceful-fs',
82 silly mapToRegistry   name: 'graceful-fs',
82 silly mapToRegistry   rawSpec: '',
82 silly mapToRegistry   spec: 'latest',
82 silly mapToRegistry   type: 'tag' }
83 silly mapToRegistry uri https://registry.npmjs.org/graceful-fs
84 silly fetchNamedPackageData image-size
85 silly mapToRegistry name image-size
86 silly mapToRegistry using default registry
87 silly mapToRegistry registry https://registry.npmjs.org/
88 silly mapToRegistry data Result {
88 silly mapToRegistry   raw: 'image-size',
88 silly mapToRegistry   scope: null,
88 silly mapToRegistry   escapedName: 'image-size',
88 silly mapToRegistry   name: 'image-size',
88 silly mapToRegistry   rawSpec: '',
88 silly mapToRegistry   spec: 'latest',
88 silly mapToRegistry   type: 'tag' }
89 silly mapToRegistry uri https://registry.npmjs.org/image-size
90 silly fetchNamedPackageData mime
91 silly mapToRegistry name mime
92 silly mapToRegistry using default registry
93 silly mapToRegistry registry https://registry.npmjs.org/
94 silly mapToRegistry data Result {
94 silly mapToRegistry   raw: 'mime',
94 silly mapToRegistry   scope: null,
94 silly mapToRegistry   escapedName: 'mime',
94 silly mapToRegistry   name: 'mime',
94 silly mapToRegistry   rawSpec: '',
94 silly mapToRegistry   spec: 'latest',
94 silly mapToRegistry   type: 'tag' }
95 silly mapToRegistry uri https://registry.npmjs.org/mime
96 silly fetchNamedPackageData mkdirp
97 silly mapToRegistry name mkdirp
98 silly mapToRegistry using default registry
99 silly mapToRegistry registry https://registry.npmjs.org/
100 silly mapToRegistry data Result {
100 silly mapToRegistry   raw: 'mkdirp',
100 silly mapToRegistry   scope: null,
100 silly mapToRegistry   escapedName: 'mkdirp',
100 silly mapToRegistry   name: 'mkdirp',
100 silly mapToRegistry   rawSpec: '',
100 silly mapToRegistry   spec: 'latest',
100 silly mapToRegistry   type: 'tag' }
101 silly mapToRegistry uri https://registry.npmjs.org/mkdirp
102 silly fetchNamedPackageData promise
103 silly mapToRegistry name promise
104 silly mapToRegistry using default registry
105 silly mapToRegistry registry https://registry.npmjs.org/
106 silly mapToRegistry data Result {
106 silly mapToRegistry   raw: 'promise',
106 silly mapToRegistry   scope: null,
106 silly mapToRegistry   escapedName: 'promise',
106 silly mapToRegistry   name: 'promise',
106 silly mapToRegistry   rawSpec: '',
106 silly mapToRegistry   spec: 'latest',
106 silly mapToRegistry   type: 'tag' }
107 silly mapToRegistry uri https://registry.npmjs.org/promise
108 silly fetchNamedPackageData source-map
109 silly mapToRegistry name source-map
110 silly mapToRegistry using default registry
111 silly mapToRegistry registry https://registry.npmjs.org/
112 silly mapToRegistry data Result {
112 silly mapToRegistry   raw: 'source-map',
112 silly mapToRegistry   scope: null,
112 silly mapToRegistry   escapedName: 'source-map',
112 silly mapToRegistry   name: 'source-map',
112 silly mapToRegistry   rawSpec: '',
112 silly mapToRegistry   spec: 'latest',
112 silly mapToRegistry   type: 'tag' }
113 silly mapToRegistry uri https://registry.npmjs.org/source-map
114 verbose request uri https://registry.npmjs.org/errno
115 verbose request no auth needed
116 info attempt registry request try #1 at 4:06:44 PM
117 http request GET https://registry.npmjs.org/errno
118 verbose request uri https://registry.npmjs.org/image-size
119 verbose request no auth needed
120 info attempt registry request try #1 at 4:06:44 PM
121 http request GET https://registry.npmjs.org/image-size
122 verbose request uri https://registry.npmjs.org/promise
123 verbose request no auth needed
124 info attempt registry request try #1 at 4:06:44 PM
125 http request GET https://registry.npmjs.org/promise
126 verbose request uri https://registry.npmjs.org/source-map
127 verbose request no auth needed
128 info attempt registry request try #1 at 4:06:44 PM
129 http request GET https://registry.npmjs.org/source-map
130 verbose request uri https://registry.npmjs.org/graceful-fs
131 verbose request no auth needed
132 info attempt registry request try #1 at 4:06:44 PM
133 verbose etag W/"5829808b-fac0"
134 verbose lastModified Mon, 14 Nov 2016 09:14:51 GMT
135 http request GET https://registry.npmjs.org/graceful-fs
136 verbose request uri https://registry.npmjs.org/mkdirp
137 verbose request no auth needed
138 info attempt registry request try #1 at 4:06:44 PM
139 verbose etag W/"582dbdfb-6068"
140 verbose lastModified Thu, 17 Nov 2016 14:26:03 GMT
141 http request GET https://registry.npmjs.org/mkdirp
142 verbose request uri https://registry.npmjs.org/mime
143 verbose request no auth needed
144 info attempt registry request try #1 at 4:06:44 PM
145 verbose etag W/"58221d20-50af"
146 verbose lastModified Tue, 08 Nov 2016 18:44:48 GMT
147 http request GET https://registry.npmjs.org/mime
148 http 200 https://registry.npmjs.org/errno
149 verbose headers { server: 'nginx/1.10.1',
149 verbose headers   'content-type': 'application/json',
149 verbose headers   'last-modified': 'Fri, 11 Nov 2016 09:34:47 GMT',
149 verbose headers   etag: 'W/"582590b7-3579"',
149 verbose headers   'content-encoding': 'gzip',
149 verbose headers   'cache-control': 'max-age=300',
149 verbose headers   'content-length': '3682',
149 verbose headers   'accept-ranges': 'bytes',
149 verbose headers   date: 'Tue, 03 Jan 2017 10:36:41 GMT',
149 verbose headers   via: '1.1 varnish',
149 verbose headers   age: '208',
149 verbose headers   connection: 'keep-alive',
149 verbose headers   'x-served-by': 'cache-lcy1139-LCY',
149 verbose headers   'x-cache': 'HIT',
149 verbose headers   'x-cache-hits': '3',
149 verbose headers   'x-timer': 'S1483439801.261224,VS0,VE0',
149 verbose headers   vary: 'Accept-Encoding' }
150 silly get cb [ 200,
150 silly get   { server: 'nginx/1.10.1',
150 silly get     'content-type': 'application/json',
150 silly get     'last-modified': 'Fri, 11 Nov 2016 09:34:47 GMT',
150 silly get     etag: 'W/"582590b7-3579"',
150 silly get     'content-encoding': 'gzip',
150 silly get     'cache-control': 'max-age=300',
150 silly get     'content-length': '3682',
150 silly get     'accept-ranges': 'bytes',
150 silly get     date: 'Tue, 03 Jan 2017 10:36:41 GMT',
150 silly get     via: '1.1 varnish',
150 silly get     age: '208',
150 silly get     connection: 'keep-alive',
150 silly get     'x-served-by': 'cache-lcy1139-LCY',
150 silly get     'x-cache': 'HIT',
150 silly get     'x-cache-hits': '3',
150 silly get     'x-timer': 'S1483439801.261224,VS0,VE0',
150 silly get     vary: 'Accept-Encoding' } ]
151 verbose get saving errno to /home/bridgeit/.npm/registry.npmjs.org/errno/.cache.json
152 verbose correctMkdir /home/bridgeit/.npm correctMkdir not in flight; initializing
153 silly resolveWithNewModule errno@0.1.4 checking installable status
154 silly cache add args [ 'errno@^0.1.1', null ]
155 verbose cache add spec errno@^0.1.1
156 silly cache add parsed spec Result {
156 silly cache add   raw: 'errno@^0.1.1',
156 silly cache add   scope: null,
156 silly cache add   escapedName: 'errno',
156 silly cache add   name: 'errno',
156 silly cache add   rawSpec: '^0.1.1',
156 silly cache add   spec: '>=0.1.1 <0.2.0',
156 silly cache add   type: 'range' }
157 silly addNamed errno@>=0.1.1 <0.2.0
158 verbose addNamed ">=0.1.1 <0.2.0" is a valid semver range for errno
159 silly addNameRange { name: 'errno', range: '>=0.1.1 <0.2.0', hasData: false }
160 silly mapToRegistry name errno
161 silly mapToRegistry using default registry
162 silly mapToRegistry registry https://registry.npmjs.org/
163 silly mapToRegistry data Result {
163 silly mapToRegistry   raw: 'errno',
163 silly mapToRegistry   scope: null,
163 silly mapToRegistry   escapedName: 'errno',
163 silly mapToRegistry   name: 'errno',
163 silly mapToRegistry   rawSpec: '',
163 silly mapToRegistry   spec: 'latest',
163 silly mapToRegistry   type: 'tag' }
164 silly mapToRegistry uri https://registry.npmjs.org/errno
165 verbose addNameRange registry:https://registry.npmjs.org/errno not in flight; fetching
166 verbose get https://registry.npmjs.org/errno not expired, no request
167 silly addNameRange number 2 { name: 'errno', range: '>=0.1.1 <0.2.0', hasData: true }
168 silly addNameRange versions [ 'errno',
168 silly addNameRange   [ '0.0.1',
168 silly addNameRange     '0.0.2',
168 silly addNameRange     '0.0.3',
168 silly addNameRange     '0.0.4',
168 silly addNameRange     '0.0.5',
168 silly addNameRange     '0.1.0',
168 silly addNameRange     '0.1.1',
168 silly addNameRange     '0.1.2',
168 silly addNameRange     '0.1.3',
168 silly addNameRange     '0.1.4' ] ]
169 silly addNamed errno@0.1.4
170 verbose addNamed "0.1.4" is a plain semver version for errno
171 silly mapToRegistry name errno
172 silly mapToRegistry using default registry
173 silly mapToRegistry registry https://registry.npmjs.org/
174 silly mapToRegistry data Result {
174 silly mapToRegistry   raw: 'errno',
174 silly mapToRegistry   scope: null,
174 silly mapToRegistry   escapedName: 'errno',
174 silly mapToRegistry   name: 'errno',
174 silly mapToRegistry   rawSpec: '',
174 silly mapToRegistry   spec: 'latest',
174 silly mapToRegistry   type: 'tag' }
175 silly mapToRegistry uri https://registry.npmjs.org/errno
176 verbose addRemoteTarball https://registry.npmjs.org/errno/-/errno-0.1.4.tgz not in flight; adding
177 verbose addRemoteTarball [ 'https://registry.npmjs.org/errno/-/errno-0.1.4.tgz',
177 verbose addRemoteTarball   'b896e23a9e5e8ba33871fc996abd3635fc9a1c7d' ]
178 info retry fetch attempt 1 at 4:06:45 PM
179 info attempt registry request try #1 at 4:06:45 PM
180 http fetch GET https://registry.npmjs.org/errno/-/errno-0.1.4.tgz
181 http fetch 200 https://registry.npmjs.org/errno/-/errno-0.1.4.tgz
182 silly fetchAndShaCheck shasum b896e23a9e5e8ba33871fc996abd3635fc9a1c7d
183 verbose addTmpTarball /tmp/npm-9681-cc374a8a/registry.npmjs.org/errno/-/errno-0.1.4.tgz not in flight; adding
184 verbose addTmpTarball already have metadata; skipping unpack for errno@0.1.4
185 verbose correctMkdir /home/bridgeit/.npm correctMkdir not in flight; initializing
186 silly cache afterAdd errno@0.1.4
187 verbose afterAdd /home/bridgeit/.npm/errno/0.1.4/package/package.json not in flight; writing
188 verbose correctMkdir /home/bridgeit/.npm correctMkdir not in flight; initializing
189 verbose afterAdd /home/bridgeit/.npm/errno/0.1.4/package/package.json written
190 http 200 https://registry.npmjs.org/graceful-fs
191 verbose headers { server: 'nginx/1.10.1',
191 verbose headers   'content-type': 'application/json',
191 verbose headers   'last-modified': 'Fri, 30 Dec 2016 03:34:33 GMT',
191 verbose headers   etag: 'W/"5865d5c9-10041"',
191 verbose headers   'content-encoding': 'gzip',
191 verbose headers   'cache-control': 'max-age=300',
191 verbose headers   'content-length': '8505',
191 verbose headers   'accept-ranges': 'bytes',
191 verbose headers   date: 'Tue, 03 Jan 2017 10:36:41 GMT',
191 verbose headers   via: '1.1 varnish',
191 verbose headers   age: '75',
191 verbose headers   connection: 'keep-alive',
191 verbose headers   'x-served-by': 'cache-lcy1143-LCY',
191 verbose headers   'x-cache': 'HIT',
191 verbose headers   'x-cache-hits': '4',
191 verbose headers   'x-timer': 'S1483439801.636545,VS0,VE0',
191 verbose headers   vary: 'Accept-Encoding' }
192 silly get cb [ 200,
192 silly get   { server: 'nginx/1.10.1',
192 silly get     'content-type': 'application/json',
192 silly get     'last-modified': 'Fri, 30 Dec 2016 03:34:33 GMT',
192 silly get     etag: 'W/"5865d5c9-10041"',
192 silly get     'content-encoding': 'gzip',
192 silly get     'cache-control': 'max-age=300',
192 silly get     'content-length': '8505',
192 silly get     'accept-ranges': 'bytes',
192 silly get     date: 'Tue, 03 Jan 2017 10:36:41 GMT',
192 silly get     via: '1.1 varnish',
192 silly get     age: '75',
192 silly get     connection: 'keep-alive',
192 silly get     'x-served-by': 'cache-lcy1143-LCY',
192 silly get     'x-cache': 'HIT',
192 silly get     'x-cache-hits': '4',
192 silly get     'x-timer': 'S1483439801.636545,VS0,VE0',
192 silly get     vary: 'Accept-Encoding' } ]
193 verbose get saving graceful-fs to /home/bridgeit/.npm/registry.npmjs.org/graceful-fs/.cache.json
194 verbose correctMkdir /home/bridgeit/.npm correctMkdir not in flight; initializing
195 http 200 https://registry.npmjs.org/mkdirp
196 verbose headers { server: 'nginx/1.10.1',
196 verbose headers   'content-type': 'application/json',
196 verbose headers   'last-modified': 'Fri, 30 Dec 2016 03:33:48 GMT',
196 verbose headers   etag: 'W/"5865d59c-60cd"',
196 verbose headers   'content-encoding': 'gzip',
196 verbose headers   'cache-control': 'max-age=300',
196 verbose headers   'content-length': '4634',
196 verbose headers   'accept-ranges': 'bytes',
196 verbose headers   date: 'Tue, 03 Jan 2017 10:36:41 GMT',
196 verbose headers   via: '1.1 varnish',
196 verbose headers   age: '247',
196 verbose headers   connection: 'keep-alive',
196 verbose headers   'x-served-by': 'cache-lcy1128-LCY',
196 verbose headers   'x-cache': 'HIT',
196 verbose headers   'x-cache-hits': '19',
196 verbose headers   'x-timer': 'S1483439801.639648,VS0,VE0',
196 verbose headers   vary: 'Accept-Encoding' }
197 silly get cb [ 200,
197 silly get   { server: 'nginx/1.10.1',
197 silly get     'content-type': 'application/json',
197 silly get     'last-modified': 'Fri, 30 Dec 2016 03:33:48 GMT',
197 silly get     etag: 'W/"5865d59c-60cd"',
197 silly get     'content-encoding': 'gzip',
197 silly get     'cache-control': 'max-age=300',
197 silly get     'content-length': '4634',
197 silly get     'accept-ranges': 'bytes',
197 silly get     date: 'Tue, 03 Jan 2017 10:36:41 GMT',
197 silly get     via: '1.1 varnish',
197 silly get     age: '247',
197 silly get     connection: 'keep-alive',
197 silly get     'x-served-by': 'cache-lcy1128-LCY',
197 silly get     'x-cache': 'HIT',
197 silly get     'x-cache-hits': '19',
197 silly get     'x-timer': 'S1483439801.639648,VS0,VE0',
197 silly get     vary: 'Accept-Encoding' } ]
198 verbose get saving mkdirp to /home/bridgeit/.npm/registry.npmjs.org/mkdirp/.cache.json
199 verbose correctMkdir /home/bridgeit/.npm correctMkdir not in flight; initializing
200 http 200 https://registry.npmjs.org/mime
201 verbose headers { server: 'nginx/1.10.1',
201 verbose headers   'content-type': 'application/json',
201 verbose headers   'last-modified': 'Wed, 28 Dec 2016 03:52:38 GMT',
201 verbose headers   etag: 'W/"58633706-50be"',
201 verbose headers   'content-encoding': 'gzip',
201 verbose headers   'cache-control': 'max-age=300',
201 verbose headers   'content-length': '3916',
201 verbose headers   'accept-ranges': 'bytes',
201 verbose headers   date: 'Tue, 03 Jan 2017 10:36:41 GMT',
201 verbose headers   via: '1.1 varnish',
201 verbose headers   age: '261',
201 verbose headers   connection: 'keep-alive',
201 verbose headers   'x-served-by': 'cache-lcy1129-LCY',
201 verbose headers   'x-cache': 'HIT',
201 verbose headers   'x-cache-hits': '14',
201 verbose headers   'x-timer': 'S1483439801.646788,VS0,VE0',
201 verbose headers   vary: 'Accept-Encoding' }
202 silly get cb [ 200,
202 silly get   { server: 'nginx/1.10.1',
202 silly get     'content-type': 'application/json',
202 silly get     'last-modified': 'Wed, 28 Dec 2016 03:52:38 GMT',
202 silly get     etag: 'W/"58633706-50be"',
202 silly get     'content-encoding': 'gzip',
202 silly get     'cache-control': 'max-age=300',
202 silly get     'content-length': '3916',
202 silly get     'accept-ranges': 'bytes',
202 silly get     date: 'Tue, 03 Jan 2017 10:36:41 GMT',
202 silly get     via: '1.1 varnish',
202 silly get     age: '261',
202 silly get     connection: 'keep-alive',
202 silly get     'x-served-by': 'cache-lcy1129-LCY',
202 silly get     'x-cache': 'HIT',
202 silly get     'x-cache-hits': '14',
202 silly get     'x-timer': 'S1483439801.646788,VS0,VE0',
202 silly get     vary: 'Accept-Encoding' } ]
203 verbose get saving mime to /home/bridgeit/.npm/registry.npmjs.org/mime/.cache.json
204 verbose correctMkdir /home/bridgeit/.npm correctMkdir not in flight; initializing
205 http 200 https://registry.npmjs.org/promise
206 verbose headers { server: 'nginx/1.10.1',
206 verbose headers   'content-type': 'application/json',
206 verbose headers   'last-modified': 'Fri, 09 Dec 2016 02:28:37 GMT',
206 verbose headers   etag: 'W/"584a16d5-8979"',
206 verbose headers   'content-encoding': 'gzip',
206 verbose headers   'cache-control': 'max-age=300',
206 verbose headers   'content-length': '6784',
206 verbose headers   'accept-ranges': 'bytes',
206 verbose headers   date: 'Tue, 03 Jan 2017 10:36:41 GMT',
206 verbose headers   via: '1.1 varnish',
206 verbose headers   age: '164',
206 verbose headers   connection: 'keep-alive',
206 verbose headers   'x-served-by': 'cache-lcy1145-LCY',
206 verbose headers   'x-cache': 'HIT',
206 verbose headers   'x-cache-hits': '3',
206 verbose headers   'x-timer': 'S1483439801.642184,VS0,VE0',
206 verbose headers   vary: 'Accept-Encoding' }
207 silly get cb [ 200,
207 silly get   { server: 'nginx/1.10.1',
207 silly get     'content-type': 'application/json',
207 silly get     'last-modified': 'Fri, 09 Dec 2016 02:28:37 GMT',
207 silly get     etag: 'W/"584a16d5-8979"',
207 silly get     'content-encoding': 'gzip',
207 silly get     'cache-control': 'max-age=300',
207 silly get     'content-length': '6784',
207 silly get     'accept-ranges': 'bytes',
207 silly get     date: 'Tue, 03 Jan 2017 10:36:41 GMT',
207 silly get     via: '1.1 varnish',
207 silly get     age: '164',
207 silly get     connection: 'keep-alive',
207 silly get     'x-served-by': 'cache-lcy1145-LCY',
207 silly get     'x-cache': 'HIT',
207 silly get     'x-cache-hits': '3',
207 silly get     'x-timer': 'S1483439801.642184,VS0,VE0',
207 silly get     vary: 'Accept-Encoding' } ]
208 verbose get saving promise to /home/bridgeit/.npm/registry.npmjs.org/promise/.cache.json
209 verbose correctMkdir /home/bridgeit/.npm correctMkdir not in flight; initializing
210 silly resolveWithNewModule graceful-fs@4.1.11 checking installable status
211 silly cache add args [ 'graceful-fs@^4.1.2', null ]
212 verbose cache add spec graceful-fs@^4.1.2
213 silly cache add parsed spec Result {
213 silly cache add   raw: 'graceful-fs@^4.1.2',
213 silly cache add   scope: null,
213 silly cache add   escapedName: 'graceful-fs',
213 silly cache add   name: 'graceful-fs',
213 silly cache add   rawSpec: '^4.1.2',
213 silly cache add   spec: '>=4.1.2 <5.0.0',
213 silly cache add   type: 'range' }
214 silly addNamed graceful-fs@>=4.1.2 <5.0.0
215 verbose addNamed ">=4.1.2 <5.0.0" is a valid semver range for graceful-fs
216 silly addNameRange { name: 'graceful-fs', range: '>=4.1.2 <5.0.0', hasData: false }
217 silly mapToRegistry name graceful-fs
218 silly mapToRegistry using default registry
219 silly mapToRegistry registry https://registry.npmjs.org/
220 silly mapToRegistry data Result {
220 silly mapToRegistry   raw: 'graceful-fs',
220 silly mapToRegistry   scope: null,
220 silly mapToRegistry   escapedName: 'graceful-fs',
220 silly mapToRegistry   name: 'graceful-fs',
220 silly mapToRegistry   rawSpec: '',
220 silly mapToRegistry   spec: 'latest',
220 silly mapToRegistry   type: 'tag' }
221 silly mapToRegistry uri https://registry.npmjs.org/graceful-fs
222 verbose addNameRange registry:https://registry.npmjs.org/graceful-fs not in flight; fetching
223 http 200 https://registry.npmjs.org/image-size
224 verbose headers { server: 'nginx/1.10.1',
224 verbose headers   'content-type': 'application/json',
224 verbose headers   'last-modified': 'Sun, 25 Dec 2016 22:26:29 GMT',
224 verbose headers   etag: 'W/"58604795-900b"',
224 verbose headers   'content-encoding': 'gzip',
224 verbose headers   'cache-control': 'max-age=300',
224 verbose headers   'content-length': '4638',
224 verbose headers   'accept-ranges': 'bytes',
224 verbose headers   date: 'Tue, 03 Jan 2017 10:36:41 GMT',
224 verbose headers   via: '1.1 varnish',
224 verbose headers   age: '0',
224 verbose headers   connection: 'keep-alive',
224 verbose headers   'x-served-by': 'cache-lcy1148-LCY',
224 verbose headers   'x-cache': 'HIT',
224 verbose headers   'x-cache-hits': '1',
224 verbose headers   'x-timer': 'S1483439801.636452,VS0,VE18',
224 verbose headers   vary: 'Accept-Encoding' }
225 silly get cb [ 200,
225 silly get   { server: 'nginx/1.10.1',
225 silly get     'content-type': 'application/json',
225 silly get     'last-modified': 'Sun, 25 Dec 2016 22:26:29 GMT',
225 silly get     etag: 'W/"58604795-900b"',
225 silly get     'content-encoding': 'gzip',
225 silly get     'cache-control': 'max-age=300',
225 silly get     'content-length': '4638',
225 silly get     'accept-ranges': 'bytes',
225 silly get     date: 'Tue, 03 Jan 2017 10:36:41 GMT',
225 silly get     via: '1.1 varnish',
225 silly get     age: '0',
225 silly get     connection: 'keep-alive',
225 silly get     'x-served-by': 'cache-lcy1148-LCY',
225 silly get     'x-cache': 'HIT',
225 silly get     'x-cache-hits': '1',
225 silly get     'x-timer': 'S1483439801.636452,VS0,VE18',
225 silly get     vary: 'Accept-Encoding' } ]
226 verbose get saving image-size to /home/bridgeit/.npm/registry.npmjs.org/image-size/.cache.json
227 verbose correctMkdir /home/bridgeit/.npm correctMkdir not in flight; initializing
228 silly resolveWithNewModule mkdirp@0.5.1 checking installable status
229 silly cache add args [ 'mkdirp@^0.5.0', null ]
230 verbose cache add spec mkdirp@^0.5.0
231 silly cache add parsed spec Result {
231 silly cache add   raw: 'mkdirp@^0.5.0',
231 silly cache add   scope: null,
231 silly cache add   escapedName: 'mkdirp',
231 silly cache add   name: 'mkdirp',
231 silly cache add   rawSpec: '^0.5.0',
231 silly cache add   spec: '>=0.5.0 <0.6.0',
231 silly cache add   type: 'range' }
232 silly addNamed mkdirp@>=0.5.0 <0.6.0
233 verbose addNamed ">=0.5.0 <0.6.0" is a valid semver range for mkdirp
234 silly addNameRange { name: 'mkdirp', range: '>=0.5.0 <0.6.0', hasData: false }
235 silly mapToRegistry name mkdirp
236 silly mapToRegistry using default registry
237 silly mapToRegistry registry https://registry.npmjs.org/
238 silly mapToRegistry data Result {
238 silly mapToRegistry   raw: 'mkdirp',
238 silly mapToRegistry   scope: null,
238 silly mapToRegistry   escapedName: 'mkdirp',
238 silly mapToRegistry   name: 'mkdirp',
238 silly mapToRegistry   rawSpec: '',
238 silly mapToRegistry   spec: 'latest',
238 silly mapToRegistry   type: 'tag' }
239 silly mapToRegistry uri https://registry.npmjs.org/mkdirp
240 verbose addNameRange registry:https://registry.npmjs.org/mkdirp not in flight; fetching
241 verbose get https://registry.npmjs.org/graceful-fs not expired, no request
242 silly addNameRange number 2 { name: 'graceful-fs', range: '>=4.1.2 <5.0.0', hasData: true }
243 silly addNameRange versions [ 'graceful-fs',
243 silly addNameRange   [ '1.0.0',
243 silly addNameRange     '1.0.1',
243 silly addNameRange     '1.0.2',
243 silly addNameRange     '1.1.0',
243 silly addNameRange     '1.1.1',
243 silly addNameRange     '1.1.2',
243 silly addNameRange     '1.1.3',
243 silly addNameRange     '1.1.4',
243 silly addNameRange     '1.1.5',
243 silly addNameRange     '1.1.6',
243 silly addNameRange     '1.1.7',
243 silly addNameRange     '1.1.8',
243 silly addNameRange     '1.1.9',
243 silly addNameRange     '1.1.10',
243 silly addNameRange     '1.1.11',
243 silly addNameRange     '1.1.12',
243 silly addNameRange     '1.1.13',
243 silly addNameRange     '1.1.14',
243 silly addNameRange     '1.2.0',
243 silly addNameRange     '1.2.1',
243 silly addNameRange     '1.2.2',
243 silly addNameRange     '1.2.3',
243 silly addNameRange     '2.0.0',
243 silly addNameRange     '2.0.1',
243 silly addNameRange     '2.0.2',
243 silly addNameRange     '2.0.3',
243 silly addNameRange     '3.0.0',
243 silly addNameRange     '3.0.1',
243 silly addNameRange     '3.0.2',
243 silly addNameRange     '3.0.3',
243 silly addNameRange     '3.0.4',
243 silly addNameRange     '3.0.5',
243 silly addNameRange     '3.0.6',
243 silly addNameRange     '3.0.7',
243 silly addNameRange     '3.0.8',
243 silly addNameRange     '4.1.0',
243 silly addNameRange     '4.1.1',
243 silly addNameRange     '4.1.2',
243 silly addNameRange     '4.1.3',
243 silly addNameRange     '4.1.4',
243 silly addNameRange     '4.1.5',
243 silly addNameRange     '3.0.9',
243 silly addNameRange     '4.1.6',
243 silly addNameRange     '3.0.10',
243 silly addNameRange     '3.0.11',
243 silly addNameRange     '4.1.7',
243 silly addNameRange     '4.1.8',
243 silly addNameRange     '4.1.9',
243 silly addNameRange     '4.1.10',
243 silly addNameRange     '4.1.11' ] ]
244 silly addNamed graceful-fs@4.1.11
245 verbose addNamed "4.1.11" is a plain semver version for graceful-fs
246 silly mapToRegistry name graceful-fs
247 silly mapToRegistry using default registry
248 silly mapToRegistry registry https://registry.npmjs.org/
249 silly mapToRegistry data Result {
249 silly mapToRegistry   raw: 'graceful-fs',
249 silly mapToRegistry   scope: null,
249 silly mapToRegistry   escapedName: 'graceful-fs',
249 silly mapToRegistry   name: 'graceful-fs',
249 silly mapToRegistry   rawSpec: '',
249 silly mapToRegistry   spec: 'latest',
249 silly mapToRegistry   type: 'tag' }
250 silly mapToRegistry uri https://registry.npmjs.org/graceful-fs
251 verbose addRemoteTarball https://registry.npmjs.org/graceful-fs/-/graceful-fs-4.1.11.tgz not in flight; adding
252 verbose addRemoteTarball [ 'https://registry.npmjs.org/graceful-fs/-/graceful-fs-4.1.11.tgz',
252 verbose addRemoteTarball   '0e8bdfe4d1ddb8854d64e04ea7c00e2a026e5658' ]
253 verbose get https://registry.npmjs.org/mkdirp not expired, no request
254 silly addNameRange number 2 { name: 'mkdirp', range: '>=0.5.0 <0.6.0', hasData: true }
255 silly addNameRange versions [ 'mkdirp',
255 silly addNameRange   [ '0.0.1',
255 silly addNameRange     '0.0.2',
255 silly addNameRange     '0.0.3',
255 silly addNameRange     '0.0.4',
255 silly addNameRange     '0.0.5',
255 silly addNameRange     '0.0.6',
255 silly addNameRange     '0.0.7',
255 silly addNameRange     '0.1.0',
255 silly addNameRange     '0.2.0',
255 silly addNameRange     '0.2.1',
255 silly addNameRange     '0.2.2',
255 silly addNameRange     '0.3.0',
255 silly addNameRange     '0.3.1',
255 silly addNameRange     '0.3.2',
255 silly addNameRange     '0.3.3',
255 silly addNameRange     '0.3.4',
255 silly addNameRange     '0.3.5',
255 silly addNameRange     '0.4.0',
255 silly addNameRange     '0.4.1',
255 silly addNameRange     '0.4.2',
255 silly addNameRange     '0.5.0',
255 silly addNameRange     '0.5.1' ] ]
256 silly addNamed mkdirp@0.5.1
257 verbose addNamed "0.5.1" is a plain semver version for mkdirp
258 info retry fetch attempt 1 at 4:06:45 PM
259 info attempt registry request try #1 at 4:06:45 PM
260 http fetch GET https://registry.npmjs.org/graceful-fs/-/graceful-fs-4.1.11.tgz
261 silly resolveWithNewModule promise@7.1.1 checking installable status
262 silly cache add args [ 'promise@^7.1.1', null ]
263 verbose cache add spec promise@^7.1.1
264 silly cache add parsed spec Result {
264 silly cache add   raw: 'promise@^7.1.1',
264 silly cache add   scope: null,
264 silly cache add   escapedName: 'promise',
264 silly cache add   name: 'promise',
264 silly cache add   rawSpec: '^7.1.1',
264 silly cache add   spec: '>=7.1.1 <8.0.0',
264 silly cache add   type: 'range' }
265 silly addNamed promise@>=7.1.1 <8.0.0
266 verbose addNamed ">=7.1.1 <8.0.0" is a valid semver range for promise
267 silly addNameRange { name: 'promise', range: '>=7.1.1 <8.0.0', hasData: false }
268 silly mapToRegistry name promise
269 silly mapToRegistry using default registry
270 silly mapToRegistry registry https://registry.npmjs.org/
271 silly mapToRegistry data Result {
271 silly mapToRegistry   raw: 'promise',
271 silly mapToRegistry   scope: null,
271 silly mapToRegistry   escapedName: 'promise',
271 silly mapToRegistry   name: 'promise',
271 silly mapToRegistry   rawSpec: '',
271 silly mapToRegistry   spec: 'latest',
271 silly mapToRegistry   type: 'tag' }
272 silly mapToRegistry uri https://registry.npmjs.org/promise
273 verbose addNameRange registry:https://registry.npmjs.org/promise not in flight; fetching
274 silly resolveWithNewModule mime@1.3.4 checking installable status
275 silly cache add args [ 'mime@^1.2.11', null ]
276 verbose cache add spec mime@^1.2.11
277 silly cache add parsed spec Result {
277 silly cache add   raw: 'mime@^1.2.11',
277 silly cache add   scope: null,
277 silly cache add   escapedName: 'mime',
277 silly cache add   name: 'mime',
277 silly cache add   rawSpec: '^1.2.11',
277 silly cache add   spec: '>=1.2.11 <2.0.0',
277 silly cache add   type: 'range' }
278 silly addNamed mime@>=1.2.11 <2.0.0
279 verbose addNamed ">=1.2.11 <2.0.0" is a valid semver range for mime
280 silly addNameRange { name: 'mime', range: '>=1.2.11 <2.0.0', hasData: false }
281 silly mapToRegistry name mime
282 silly mapToRegistry using default registry
283 silly mapToRegistry registry https://registry.npmjs.org/
284 silly mapToRegistry data Result {
284 silly mapToRegistry   raw: 'mime',
284 silly mapToRegistry   scope: null,
284 silly mapToRegistry   escapedName: 'mime',
284 silly mapToRegistry   name: 'mime',
284 silly mapToRegistry   rawSpec: '',
284 silly mapToRegistry   spec: 'latest',
284 silly mapToRegistry   type: 'tag' }
285 silly mapToRegistry uri https://registry.npmjs.org/mime
286 verbose addNameRange registry:https://registry.npmjs.org/mime not in flight; fetching
287 silly resolveWithNewModule image-size@0.5.1 checking installable status
288 silly cache add args [ 'image-size@~0.5.0', null ]
289 verbose cache add spec image-size@~0.5.0
290 silly cache add parsed spec Result {
290 silly cache add   raw: 'image-size@~0.5.0',
290 silly cache add   scope: null,
290 silly cache add   escapedName: 'image-size',
290 silly cache add   name: 'image-size',
290 silly cache add   rawSpec: '~0.5.0',
290 silly cache add   spec: '>=0.5.0 <0.6.0',
290 silly cache add   type: 'range' }
291 silly addNamed image-size@>=0.5.0 <0.6.0
292 verbose addNamed ">=0.5.0 <0.6.0" is a valid semver range for image-size
293 silly addNameRange { name: 'image-size', range: '>=0.5.0 <0.6.0', hasData: false }
294 silly mapToRegistry name image-size
295 silly mapToRegistry using default registry
296 silly mapToRegistry registry https://registry.npmjs.org/
297 silly mapToRegistry data Result {
297 silly mapToRegistry   raw: 'image-size',
297 silly mapToRegistry   scope: null,
297 silly mapToRegistry   escapedName: 'image-size',
297 silly mapToRegistry   name: 'image-size',
297 silly mapToRegistry   rawSpec: '',
297 silly mapToRegistry   spec: 'latest',
297 silly mapToRegistry   type: 'tag' }
298 silly mapToRegistry uri https://registry.npmjs.org/image-size
299 verbose addNameRange registry:https://registry.npmjs.org/image-size not in flight; fetching
300 verbose get https://registry.npmjs.org/promise not expired, no request
301 silly addNameRange number 2 { name: 'promise', range: '>=7.1.1 <8.0.0', hasData: true }
302 silly addNameRange versions [ 'promise',
302 silly addNameRange   [ '1.2.1',
302 silly addNameRange     '1.2.2',
302 silly addNameRange     '1.3.0',
302 silly addNameRange     '2.0.0',
302 silly addNameRange     '3.0.0',
302 silly addNameRange     '3.0.1',
302 silly addNameRange     '3.1.0',
302 silly addNameRange     '3.2.0',
302 silly addNameRange     '4.0.0',
302 silly addNameRange     '5.0.0',
302 silly addNameRange     '6.0.0',
302 silly addNameRange     '6.0.1',
302 silly addNameRange     '6.1.0',
302 silly addNameRange     '7.0.0',
302 silly addNameRange     '7.0.1',
302 silly addNameRange     '7.0.2',
302 silly addNameRange     '7.0.3',
302 silly addNameRange     '7.0.4',
302 silly addNameRange     '7.1.0',
302 silly addNameRange     '7.1.1' ] ]
303 silly addNamed promise@7.1.1
304 verbose addNamed "7.1.1" is a plain semver version for promise
305 verbose get https://registry.npmjs.org/mime not expired, no request
306 silly addNameRange number 2 { name: 'mime', range: '>=1.2.11 <2.0.0', hasData: true }
307 silly addNameRange versions [ 'mime',
307 silly addNameRange   [ '1.0.0',
307 silly addNameRange     '1.1.0',
307 silly addNameRange     '1.2.1',
307 silly addNameRange     '1.2.2',
307 silly addNameRange     '1.2.3',
307 silly addNameRange     '1.2.4',
307 silly addNameRange     '1.2.5',
307 silly addNameRange     '1.2.6',
307 silly addNameRange     '1.2.7',
307 silly addNameRange     '1.2.8',
307 silly addNameRange     '1.2.9',
307 silly addNameRange     '1.2.10',
307 silly addNameRange     '1.2.11',
307 silly addNameRange     '1.3.0',
307 silly addNameRange     '1.3.2',
307 silly addNameRange     '1.3.3',
307 silly addNameRange     '1.3.4' ] ]
308 silly addNamed mime@1.3.4
309 verbose addNamed "1.3.4" is a plain semver version for mime
310 verbose get https://registry.npmjs.org/image-size not expired, no request
311 silly addNameRange number 2 { name: 'image-size', range: '>=0.5.0 <0.6.0', hasData: true }
312 silly addNameRange versions [ 'image-size',
312 silly addNameRange   [ '0.0.2',
312 silly addNameRange     '0.0.3',
312 silly addNameRange     '0.0.5',
312 silly addNameRange     '0.1.0',
312 silly addNameRange     '0.1.1',
312 silly addNameRange     '0.1.2',
312 silly addNameRange     '0.1.3',
312 silly addNameRange     '0.1.4',
312 silly addNameRange     '0.1.5',
312 silly addNameRange     '0.1.6',
312 silly addNameRange     '0.1.7',
312 silly addNameRange     '0.1.10',
312 silly addNameRange     '0.1.15',
312 silly addNameRange     '0.0.16',
312 silly addNameRange     '0.1.16',
312 silly addNameRange     '0.1.17',
312 silly addNameRange     '0.1.20',
312 silly addNameRange     '0.2.1',
312 silly addNameRange     '0.2.2',
312 silly addNameRange     '0.2.3',
312 silly addNameRange     '0.2.4',
312 silly addNameRange     '0.2.5',
312 silly addNameRange     '0.3.0',
312 silly addNameRange     '0.3.1',
312 silly addNameRange     '0.3.2',
312 silly addNameRange     '0.3.3',
312 silly addNameRange     '0.3.5',
312 silly addNameRange     '0.4.0',
312 silly addNameRange     '0.5.0',
312 silly addNameRange     '0.5.1' ] ]
313 silly addNamed image-size@0.5.1
314 verbose addNamed "0.5.1" is a plain semver version for image-size
315 silly mapToRegistry name promise
316 silly mapToRegistry using default registry
317 silly mapToRegistry registry https://registry.npmjs.org/
318 silly mapToRegistry data Result {
318 silly mapToRegistry   raw: 'promise',
318 silly mapToRegistry   scope: null,
318 silly mapToRegistry   escapedName: 'promise',
318 silly mapToRegistry   name: 'promise',
318 silly mapToRegistry   rawSpec: '',
318 silly mapToRegistry   spec: 'latest',
318 silly mapToRegistry   type: 'tag' }
319 silly mapToRegistry uri https://registry.npmjs.org/promise
320 verbose addRemoteTarball https://registry.npmjs.org/promise/-/promise-7.1.1.tgz not in flight; adding
321 verbose addRemoteTarball [ 'https://registry.npmjs.org/promise/-/promise-7.1.1.tgz',
321 verbose addRemoteTarball   '489654c692616b8aa55b0724fa809bb7db49c5bf' ]
322 silly mapToRegistry name image-size
323 silly mapToRegistry using default registry
324 silly mapToRegistry registry https://registry.npmjs.org/
325 silly mapToRegistry data Result {
325 silly mapToRegistry   raw: 'image-size',
325 silly mapToRegistry   scope: null,
325 silly mapToRegistry   escapedName: 'image-size',
325 silly mapToRegistry   name: 'image-size',
325 silly mapToRegistry   rawSpec: '',
325 silly mapToRegistry   spec: 'latest',
325 silly mapToRegistry   type: 'tag' }
326 silly mapToRegistry uri https://registry.npmjs.org/image-size
327 verbose addRemoteTarball https://registry.npmjs.org/image-size/-/image-size-0.5.1.tgz not in flight; adding
328 verbose addRemoteTarball [ 'https://registry.npmjs.org/image-size/-/image-size-0.5.1.tgz',
328 verbose addRemoteTarball   '28eea8548a4b1443480ddddc1e083ae54652439f' ]
329 info retry fetch attempt 1 at 4:06:45 PM
330 info attempt registry request try #1 at 4:06:45 PM
331 http fetch GET https://registry.npmjs.org/promise/-/promise-7.1.1.tgz
332 info retry fetch attempt 1 at 4:06:45 PM
333 info attempt registry request try #1 at 4:06:45 PM
334 http fetch GET https://registry.npmjs.org/image-size/-/image-size-0.5.1.tgz
335 silly cache afterAdd mkdirp@0.5.1
336 verbose afterAdd /home/bridgeit/.npm/mkdirp/0.5.1/package/package.json not in flight; writing
337 verbose correctMkdir /home/bridgeit/.npm correctMkdir not in flight; initializing
338 silly cache afterAdd mime@1.3.4
339 verbose afterAdd /home/bridgeit/.npm/mime/1.3.4/package/package.json not in flight; writing
340 verbose correctMkdir /home/bridgeit/.npm correctMkdir not in flight; initializing
341 verbose afterAdd /home/bridgeit/.npm/mkdirp/0.5.1/package/package.json written
342 verbose afterAdd /home/bridgeit/.npm/mime/1.3.4/package/package.json written
343 http 200 https://registry.npmjs.org/source-map
344 verbose headers { server: 'nginx/1.10.1',
344 verbose headers   'content-type': 'application/json',
344 verbose headers   'last-modified': 'Mon, 19 Dec 2016 10:31:53 GMT',
344 verbose headers   etag: 'W/"5857b719-2524b"',
344 verbose headers   'content-encoding': 'gzip',
344 verbose headers   'cache-control': 'max-age=300',
344 verbose headers   'content-length': '13439',
344 verbose headers   'accept-ranges': 'bytes',
344 verbose headers   date: 'Tue, 03 Jan 2017 10:36:41 GMT',
344 verbose headers   via: '1.1 varnish',
344 verbose headers   age: '164',
344 verbose headers   connection: 'keep-alive',
344 verbose headers   'x-served-by': 'cache-lcy1131-LCY',
344 verbose headers   'x-cache': 'HIT',
344 verbose headers   'x-cache-hits': '10',
344 verbose headers   'x-timer': 'S1483439801.639914,VS0,VE0',
344 verbose headers   vary: 'Accept-Encoding' }
345 silly get cb [ 200,
345 silly get   { server: 'nginx/1.10.1',
345 silly get     'content-type': 'application/json',
345 silly get     'last-modified': 'Mon, 19 Dec 2016 10:31:53 GMT',
345 silly get     etag: 'W/"5857b719-2524b"',
345 silly get     'content-encoding': 'gzip',
345 silly get     'cache-control': 'max-age=300',
345 silly get     'content-length': '13439',
345 silly get     'accept-ranges': 'bytes',
345 silly get     date: 'Tue, 03 Jan 2017 10:36:41 GMT',
345 silly get     via: '1.1 varnish',
345 silly get     age: '164',
345 silly get     connection: 'keep-alive',
345 silly get     'x-served-by': 'cache-lcy1131-LCY',
345 silly get     'x-cache': 'HIT',
345 silly get     'x-cache-hits': '10',
345 silly get     'x-timer': 'S1483439801.639914,VS0,VE0',
345 silly get     vary: 'Accept-Encoding' } ]
346 verbose get saving source-map to /home/bridgeit/.npm/registry.npmjs.org/source-map/.cache.json
347 verbose correctMkdir /home/bridgeit/.npm correctMkdir not in flight; initializing
348 silly resolveWithNewModule source-map@0.5.6 checking installable status
349 silly cache add args [ 'source-map@^0.5.3', null ]
350 verbose cache add spec source-map@^0.5.3
351 silly cache add parsed spec Result {
351 silly cache add   raw: 'source-map@^0.5.3',
351 silly cache add   scope: null,
351 silly cache add   escapedName: 'source-map',
351 silly cache add   name: 'source-map',
351 silly cache add   rawSpec: '^0.5.3',
351 silly cache add   spec: '>=0.5.3 <0.6.0',
351 silly cache add   type: 'range' }
352 silly addNamed source-map@>=0.5.3 <0.6.0
353 verbose addNamed ">=0.5.3 <0.6.0" is a valid semver range for source-map
354 silly addNameRange { name: 'source-map', range: '>=0.5.3 <0.6.0', hasData: false }
355 silly mapToRegistry name source-map
356 silly mapToRegistry using default registry
357 silly mapToRegistry registry https://registry.npmjs.org/
358 silly mapToRegistry data Result {
358 silly mapToRegistry   raw: 'source-map',
358 silly mapToRegistry   scope: null,
358 silly mapToRegistry   escapedName: 'source-map',
358 silly mapToRegistry   name: 'source-map',
358 silly mapToRegistry   rawSpec: '',
358 silly mapToRegistry   spec: 'latest',
358 silly mapToRegistry   type: 'tag' }
359 silly mapToRegistry uri https://registry.npmjs.org/source-map
360 verbose addNameRange registry:https://registry.npmjs.org/source-map not in flight; fetching
361 verbose get https://registry.npmjs.org/source-map not expired, no request
362 silly addNameRange number 2 { name: 'source-map', range: '>=0.5.3 <0.6.0', hasData: true }
363 silly addNameRange versions [ 'source-map',
363 silly addNameRange   [ '0.0.0',
363 silly addNameRange     '0.1.0',
363 silly addNameRange     '0.1.1',
363 silly addNameRange     '0.1.2',
363 silly addNameRange     '0.1.3',
363 silly addNameRange     '0.1.4',
363 silly addNameRange     '0.1.5',
363 silly addNameRange     '0.1.6',
363 silly addNameRange     '0.1.7',
363 silly addNameRange     '0.1.8',
363 silly addNameRange     '0.1.9',
363 silly addNameRange     '0.1.10',
363 silly addNameRange     '0.1.11',
363 silly addNameRange     '0.1.12',
363 silly addNameRange     '0.1.13',
363 silly addNameRange     '0.1.14',
363 silly addNameRange     '0.1.15',
363 silly addNameRange     '0.1.16',
363 silly addNameRange     '0.1.17',
363 silly addNameRange     '0.1.18',
363 silly addNameRange     '0.1.19',
363 silly addNameRange     '0.1.20',
363 silly addNameRange     '0.1.21',
363 silly addNameRange     '0.1.22',
363 silly addNameRange     '0.1.23',
363 silly addNameRange     '0.1.24',
363 silly addNameRange     '0.1.25',
363 silly addNameRange     '0.1.26',
363 silly addNameRange     '0.1.27',
363 silly addNameRange     '0.1.28',
363 silly addNameRange     '0.1.29',
363 silly addNameRange     '0.1.30',
363 silly addNameRange     '0.1.31',
363 silly addNameRange     '0.1.32',
363 silly addNameRange     '0.1.33',
363 silly addNameRange     '0.1.34',
363 silly addNameRange     '0.1.35',
363 silly addNameRange     '0.1.36',
363 silly addNameRange     '0.1.37',
363 silly addNameRange     '0.1.38',
363 silly addNameRange     '0.1.39',
363 silly addNameRange     '0.1.40',
363 silly addNameRange     '0.1.41',
363 silly addNameRange     '0.1.42',
363 silly addNameRange     '0.1.43',
363 silly addNameRange     '0.2.0',
363 silly addNameRange     '0.3.0',
363 silly addNameRange     '0.4.0',
363 silly addNameRange     '0.4.1',
363 silly addNameRange     '0.4.2',
363 silly addNameRange     '0.4.3',
363 silly addNameRange     '0.4.4',
363 silly addNameRange     '0.5.0',
363 silly addNameRange     '0.5.1',
363 silly addNameRange     '0.5.2',
363 silly addNameRange     '0.5.3',
363 silly addNameRange     '0.5.4',
363 silly addNameRange     '0.5.5',
363 silly addNameRange     '0.5.6' ] ]
364 silly addNamed source-map@0.5.6
365 verbose addNamed "0.5.6" is a plain semver version for source-map
366 silly mapToRegistry name source-map
367 silly mapToRegistry using default registry
368 silly mapToRegistry registry https://registry.npmjs.org/
369 silly mapToRegistry data Result {
369 silly mapToRegistry   raw: 'source-map',
369 silly mapToRegistry   scope: null,
369 silly mapToRegistry   escapedName: 'source-map',
369 silly mapToRegistry   name: 'source-map',
369 silly mapToRegistry   rawSpec: '',
369 silly mapToRegistry   spec: 'latest',
369 silly mapToRegistry   type: 'tag' }
370 silly mapToRegistry uri https://registry.npmjs.org/source-map
371 verbose addRemoteTarball https://registry.npmjs.org/source-map/-/source-map-0.5.6.tgz not in flight; adding
372 verbose addRemoteTarball [ 'https://registry.npmjs.org/source-map/-/source-map-0.5.6.tgz',
372 verbose addRemoteTarball   '75ce38f52bf0733c5a7f0c118d81334a2bb5f412' ]
373 info retry fetch attempt 1 at 4:06:45 PM
374 info attempt registry request try #1 at 4:06:45 PM
375 http fetch GET https://registry.npmjs.org/source-map/-/source-map-0.5.6.tgz
376 http fetch 200 https://registry.npmjs.org/graceful-fs/-/graceful-fs-4.1.11.tgz
377 silly fetchAndShaCheck shasum 0e8bdfe4d1ddb8854d64e04ea7c00e2a026e5658
378 verbose addTmpTarball /tmp/npm-9681-cc374a8a/registry.npmjs.org/graceful-fs/-/graceful-fs-4.1.11.tgz not in flight; adding
379 verbose addTmpTarball already have metadata; skipping unpack for graceful-fs@4.1.11
380 verbose correctMkdir /home/bridgeit/.npm correctMkdir not in flight; initializing
381 silly cache afterAdd graceful-fs@4.1.11
382 verbose afterAdd /home/bridgeit/.npm/graceful-fs/4.1.11/package/package.json not in flight; writing
383 verbose correctMkdir /home/bridgeit/.npm correctMkdir not in flight; initializing
384 verbose afterAdd /home/bridgeit/.npm/graceful-fs/4.1.11/package/package.json written
385 http fetch 200 https://registry.npmjs.org/image-size/-/image-size-0.5.1.tgz
386 http fetch 200 https://registry.npmjs.org/promise/-/promise-7.1.1.tgz
387 http fetch 200 https://registry.npmjs.org/source-map/-/source-map-0.5.6.tgz
388 silly fetchAndShaCheck shasum 489654c692616b8aa55b0724fa809bb7db49c5bf
389 verbose addTmpTarball /tmp/npm-9681-cc374a8a/registry.npmjs.org/promise/-/promise-7.1.1.tgz not in flight; adding
390 verbose addTmpTarball already have metadata; skipping unpack for promise@7.1.1
391 verbose correctMkdir /home/bridgeit/.npm correctMkdir not in flight; initializing
392 silly cache afterAdd promise@7.1.1
393 verbose afterAdd /home/bridgeit/.npm/promise/7.1.1/package/package.json not in flight; writing
394 verbose correctMkdir /home/bridgeit/.npm correctMkdir not in flight; initializing
395 verbose afterAdd /home/bridgeit/.npm/promise/7.1.1/package/package.json written
396 silly fetchAndShaCheck shasum 75ce38f52bf0733c5a7f0c118d81334a2bb5f412
397 verbose addTmpTarball /tmp/npm-9681-cc374a8a/registry.npmjs.org/source-map/-/source-map-0.5.6.tgz not in flight; adding
398 verbose addTmpTarball already have metadata; skipping unpack for source-map@0.5.6
399 verbose correctMkdir /home/bridgeit/.npm correctMkdir not in flight; initializing
400 silly cache afterAdd source-map@0.5.6
401 verbose afterAdd /home/bridgeit/.npm/source-map/0.5.6/package/package.json not in flight; writing
402 verbose correctMkdir /home/bridgeit/.npm correctMkdir not in flight; initializing
403 verbose afterAdd /home/bridgeit/.npm/source-map/0.5.6/package/package.json written
404 silly fetchAndShaCheck shasum 28eea8548a4b1443480ddddc1e083ae54652439f
405 verbose addTmpTarball /tmp/npm-9681-cc374a8a/registry.npmjs.org/image-size/-/image-size-0.5.1.tgz not in flight; adding
406 verbose addTmpTarball already have metadata; skipping unpack for image-size@0.5.1
407 verbose correctMkdir /home/bridgeit/.npm correctMkdir not in flight; initializing
408 silly cache afterAdd image-size@0.5.1
409 verbose afterAdd /home/bridgeit/.npm/image-size/0.5.1/package/package.json not in flight; writing
410 verbose correctMkdir /home/bridgeit/.npm correctMkdir not in flight; initializing
411 verbose afterAdd /home/bridgeit/.npm/image-size/0.5.1/package/package.json written
412 silly fetchNamedPackageData prr
413 silly mapToRegistry name prr
414 silly mapToRegistry using default registry
415 silly mapToRegistry registry https://registry.npmjs.org/
416 silly mapToRegistry data Result {
416 silly mapToRegistry   raw: 'prr',
416 silly mapToRegistry   scope: null,
416 silly mapToRegistry   escapedName: 'prr',
416 silly mapToRegistry   name: 'prr',
416 silly mapToRegistry   rawSpec: '',
416 silly mapToRegistry   spec: 'latest',
416 silly mapToRegistry   type: 'tag' }
417 silly mapToRegistry uri https://registry.npmjs.org/prr
418 verbose request uri https://registry.npmjs.org/prr
419 verbose request no auth needed
420 info attempt registry request try #1 at 4:06:46 PM
421 http request GET https://registry.npmjs.org/prr
422 http 200 https://registry.npmjs.org/prr
423 verbose headers { server: 'nginx/1.10.1',
423 verbose headers   'content-type': 'application/json',
423 verbose headers   'last-modified': 'Tue, 22 Jul 2014 06:50:49 GMT',
423 verbose headers   etag: 'W/"53ce09c9-140f"',
423 verbose headers   'content-encoding': 'gzip',
423 verbose headers   'cache-control': 'max-age=300',
423 verbose headers   'content-length': '1638',
423 verbose headers   'accept-ranges': 'bytes',
423 verbose headers   date: 'Tue, 03 Jan 2017 10:36:42 GMT',
423 verbose headers   via: '1.1 varnish',
423 verbose headers   age: '109',
423 verbose headers   connection: 'keep-alive',
423 verbose headers   'x-served-by': 'cache-lcy1129-LCY',
423 verbose headers   'x-cache': 'HIT',
423 verbose headers   'x-cache-hits': '1',
423 verbose headers   'x-timer': 'S1483439802.711984,VS0,VE0',
423 verbose headers   vary: 'Accept-Encoding' }
424 silly get cb [ 200,
424 silly get   { server: 'nginx/1.10.1',
424 silly get     'content-type': 'application/json',
424 silly get     'last-modified': 'Tue, 22 Jul 2014 06:50:49 GMT',
424 silly get     etag: 'W/"53ce09c9-140f"',
424 silly get     'content-encoding': 'gzip',
424 silly get     'cache-control': 'max-age=300',
424 silly get     'content-length': '1638',
424 silly get     'accept-ranges': 'bytes',
424 silly get     date: 'Tue, 03 Jan 2017 10:36:42 GMT',
424 silly get     via: '1.1 varnish',
424 silly get     age: '109',
424 silly get     connection: 'keep-alive',
424 silly get     'x-served-by': 'cache-lcy1129-LCY',
424 silly get     'x-cache': 'HIT',
424 silly get     'x-cache-hits': '1',
424 silly get     'x-timer': 'S1483439802.711984,VS0,VE0',
424 silly get     vary: 'Accept-Encoding' } ]
425 verbose get saving prr to /home/bridgeit/.npm/registry.npmjs.org/prr/.cache.json
426 verbose correctMkdir /home/bridgeit/.npm correctMkdir not in flight; initializing
427 silly resolveWithNewModule prr@0.0.0 checking installable status
428 silly cache add args [ 'prr@~0.0.0', null ]
429 verbose cache add spec prr@~0.0.0
430 silly cache add parsed spec Result {
430 silly cache add   raw: 'prr@~0.0.0',
430 silly cache add   scope: null,
430 silly cache add   escapedName: 'prr',
430 silly cache add   name: 'prr',
430 silly cache add   rawSpec: '~0.0.0',
430 silly cache add   spec: '>=0.0.0 <0.1.0',
430 silly cache add   type: 'range' }
431 silly addNamed prr@>=0.0.0 <0.1.0
432 verbose addNamed ">=0.0.0 <0.1.0" is a valid semver range for prr
433 silly addNameRange { name: 'prr', range: '>=0.0.0 <0.1.0', hasData: false }
434 silly mapToRegistry name prr
435 silly mapToRegistry using default registry
436 silly mapToRegistry registry https://registry.npmjs.org/
437 silly mapToRegistry data Result {
437 silly mapToRegistry   raw: 'prr',
437 silly mapToRegistry   scope: null,
437 silly mapToRegistry   escapedName: 'prr',
437 silly mapToRegistry   name: 'prr',
437 silly mapToRegistry   rawSpec: '',
437 silly mapToRegistry   spec: 'latest',
437 silly mapToRegistry   type: 'tag' }
438 silly mapToRegistry uri https://registry.npmjs.org/prr
439 verbose addNameRange registry:https://registry.npmjs.org/prr not in flight; fetching
440 verbose get https://registry.npmjs.org/prr not expired, no request
441 silly addNameRange number 2 { name: 'prr', range: '>=0.0.0 <0.1.0', hasData: true }
442 silly addNameRange versions [ 'prr', [ '0.0.0', '1.0.0', '1.0.1' ] ]
443 silly addNamed prr@0.0.0
444 verbose addNamed "0.0.0" is a plain semver version for prr
445 silly mapToRegistry name prr
446 silly mapToRegistry using default registry
447 silly mapToRegistry registry https://registry.npmjs.org/
448 silly mapToRegistry data Result {
448 silly mapToRegistry   raw: 'prr',
448 silly mapToRegistry   scope: null,
448 silly mapToRegistry   escapedName: 'prr',
448 silly mapToRegistry   name: 'prr',
448 silly mapToRegistry   rawSpec: '',
448 silly mapToRegistry   spec: 'latest',
448 silly mapToRegistry   type: 'tag' }
449 silly mapToRegistry uri https://registry.npmjs.org/prr
450 verbose addRemoteTarball https://registry.npmjs.org/prr/-/prr-0.0.0.tgz not in flight; adding
451 verbose addRemoteTarball [ 'https://registry.npmjs.org/prr/-/prr-0.0.0.tgz',
451 verbose addRemoteTarball   '1a84b85908325501411853d0081ee3fa86e2926a' ]
452 info retry fetch attempt 1 at 4:06:46 PM
453 info attempt registry request try #1 at 4:06:46 PM
454 http fetch GET https://registry.npmjs.org/prr/-/prr-0.0.0.tgz
455 http fetch 200 https://registry.npmjs.org/prr/-/prr-0.0.0.tgz
456 silly fetchAndShaCheck shasum 1a84b85908325501411853d0081ee3fa86e2926a
457 verbose addTmpTarball /tmp/npm-9681-cc374a8a/registry.npmjs.org/prr/-/prr-0.0.0.tgz not in flight; adding
458 verbose addTmpTarball already have metadata; skipping unpack for prr@0.0.0
459 verbose correctMkdir /home/bridgeit/.npm correctMkdir not in flight; initializing
460 silly cache afterAdd prr@0.0.0
461 verbose afterAdd /home/bridgeit/.npm/prr/0.0.0/package/package.json not in flight; writing
462 verbose correctMkdir /home/bridgeit/.npm correctMkdir not in flight; initializing
463 verbose afterAdd /home/bridgeit/.npm/prr/0.0.0/package/package.json written
464 silly fetchNamedPackageData minimist
465 silly mapToRegistry name minimist
466 silly mapToRegistry using default registry
467 silly mapToRegistry registry https://registry.npmjs.org/
468 silly mapToRegistry data Result {
468 silly mapToRegistry   raw: 'minimist',
468 silly mapToRegistry   scope: null,
468 silly mapToRegistry   escapedName: 'minimist',
468 silly mapToRegistry   name: 'minimist',
468 silly mapToRegistry   rawSpec: '',
468 silly mapToRegistry   spec: 'latest',
468 silly mapToRegistry   type: 'tag' }
469 silly mapToRegistry uri https://registry.npmjs.org/minimist
470 verbose request uri https://registry.npmjs.org/minimist
471 verbose request no auth needed
472 info attempt registry request try #1 at 4:06:46 PM
473 verbose etag W/"5830b9d6-71e4"
474 verbose lastModified Sat, 19 Nov 2016 20:45:10 GMT
475 http request GET https://registry.npmjs.org/minimist
476 http 200 https://registry.npmjs.org/minimist
477 verbose headers { server: 'nginx/1.10.1',
477 verbose headers   'content-type': 'application/json',
477 verbose headers   'last-modified': 'Fri, 30 Dec 2016 03:29:24 GMT',
477 verbose headers   etag: 'W/"5865d494-72c5"',
477 verbose headers   'content-encoding': 'gzip',
477 verbose headers   'cache-control': 'max-age=300',
477 verbose headers   'content-length': '5494',
477 verbose headers   'accept-ranges': 'bytes',
477 verbose headers   date: 'Tue, 03 Jan 2017 10:36:43 GMT',
477 verbose headers   via: '1.1 varnish',
477 verbose headers   age: '56',
477 verbose headers   connection: 'keep-alive',
477 verbose headers   'x-served-by': 'cache-lcy1131-LCY',
477 verbose headers   'x-cache': 'HIT',
477 verbose headers   'x-cache-hits': '12',
477 verbose headers   'x-timer': 'S1483439803.005699,VS0,VE0',
477 verbose headers   vary: 'Accept-Encoding' }
478 silly get cb [ 200,
478 silly get   { server: 'nginx/1.10.1',
478 silly get     'content-type': 'application/json',
478 silly get     'last-modified': 'Fri, 30 Dec 2016 03:29:24 GMT',
478 silly get     etag: 'W/"5865d494-72c5"',
478 silly get     'content-encoding': 'gzip',
478 silly get     'cache-control': 'max-age=300',
478 silly get     'content-length': '5494',
478 silly get     'accept-ranges': 'bytes',
478 silly get     date: 'Tue, 03 Jan 2017 10:36:43 GMT',
478 silly get     via: '1.1 varnish',
478 silly get     age: '56',
478 silly get     connection: 'keep-alive',
478 silly get     'x-served-by': 'cache-lcy1131-LCY',
478 silly get     'x-cache': 'HIT',
478 silly get     'x-cache-hits': '12',
478 silly get     'x-timer': 'S1483439803.005699,VS0,VE0',
478 silly get     vary: 'Accept-Encoding' } ]
479 verbose get saving minimist to /home/bridgeit/.npm/registry.npmjs.org/minimist/.cache.json
480 verbose correctMkdir /home/bridgeit/.npm correctMkdir not in flight; initializing
481 silly resolveWithNewModule minimist@0.0.8 checking installable status
482 silly cache add args [ 'minimist@0.0.8', null ]
483 verbose cache add spec minimist@0.0.8
484 silly cache add parsed spec Result {
484 silly cache add   raw: 'minimist@0.0.8',
484 silly cache add   scope: null,
484 silly cache add   escapedName: 'minimist',
484 silly cache add   name: 'minimist',
484 silly cache add   rawSpec: '0.0.8',
484 silly cache add   spec: '0.0.8',
484 silly cache add   type: 'version' }
485 silly addNamed minimist@0.0.8
486 verbose addNamed "0.0.8" is a plain semver version for minimist
487 silly mapToRegistry name minimist
488 silly mapToRegistry using default registry
489 silly mapToRegistry registry https://registry.npmjs.org/
490 silly mapToRegistry data Result {
490 silly mapToRegistry   raw: 'minimist',
490 silly mapToRegistry   scope: null,
490 silly mapToRegistry   escapedName: 'minimist',
490 silly mapToRegistry   name: 'minimist',
490 silly mapToRegistry   rawSpec: '',
490 silly mapToRegistry   spec: 'latest',
490 silly mapToRegistry   type: 'tag' }
491 silly mapToRegistry uri https://registry.npmjs.org/minimist
492 verbose addNameVersion registry:https://registry.npmjs.org/minimist not in flight; fetching
493 verbose get https://registry.npmjs.org/minimist not expired, no request
494 silly cache afterAdd minimist@0.0.8
495 verbose afterAdd /home/bridgeit/.npm/minimist/0.0.8/package/package.json not in flight; writing
496 verbose correctMkdir /home/bridgeit/.npm correctMkdir not in flight; initializing
497 verbose afterAdd /home/bridgeit/.npm/minimist/0.0.8/package/package.json written
498 silly fetchNamedPackageData asap
499 silly mapToRegistry name asap
500 silly mapToRegistry using default registry
501 silly mapToRegistry registry https://registry.npmjs.org/
502 silly mapToRegistry data Result {
502 silly mapToRegistry   raw: 'asap',
502 silly mapToRegistry   scope: null,
502 silly mapToRegistry   escapedName: 'asap',
502 silly mapToRegistry   name: 'asap',
502 silly mapToRegistry   rawSpec: '',
502 silly mapToRegistry   spec: 'latest',
502 silly mapToRegistry   type: 'tag' }
503 silly mapToRegistry uri https://registry.npmjs.org/asap
504 verbose request uri https://registry.npmjs.org/asap
505 verbose request no auth needed
506 info attempt registry request try #1 at 4:06:46 PM
507 http request GET https://registry.npmjs.org/asap
508 http 200 https://registry.npmjs.org/asap
509 verbose headers { server: 'nginx/1.10.1',
509 verbose headers   'content-type': 'application/json',
509 verbose headers   'last-modified': 'Sun, 25 Sep 2016 23:35:50 GMT',
509 verbose headers   etag: 'W/"57e85f56-64ba"',
509 verbose headers   'content-encoding': 'gzip',
509 verbose headers   'cache-control': 'max-age=300',
509 verbose headers   'content-length': '6468',
509 verbose headers   'accept-ranges': 'bytes',
509 verbose headers   date: 'Tue, 03 Jan 2017 10:36:43 GMT',
509 verbose headers   via: '1.1 varnish',
509 verbose headers   age: '208',
509 verbose headers   connection: 'keep-alive',
509 verbose headers   'x-served-by': 'cache-lcy1139-LCY',
509 verbose headers   'x-cache': 'HIT',
509 verbose headers   'x-cache-hits': '5',
509 verbose headers   'x-timer': 'S1483439803.164023,VS0,VE0',
509 verbose headers   vary: 'Accept-Encoding' }
510 silly get cb [ 200,
510 silly get   { server: 'nginx/1.10.1',
510 silly get     'content-type': 'application/json',
510 silly get     'last-modified': 'Sun, 25 Sep 2016 23:35:50 GMT',
510 silly get     etag: 'W/"57e85f56-64ba"',
510 silly get     'content-encoding': 'gzip',
510 silly get     'cache-control': 'max-age=300',
510 silly get     'content-length': '6468',
510 silly get     'accept-ranges': 'bytes',
510 silly get     date: 'Tue, 03 Jan 2017 10:36:43 GMT',
510 silly get     via: '1.1 varnish',
510 silly get     age: '208',
510 silly get     connection: 'keep-alive',
510 silly get     'x-served-by': 'cache-lcy1139-LCY',
510 silly get     'x-cache': 'HIT',
510 silly get     'x-cache-hits': '5',
510 silly get     'x-timer': 'S1483439803.164023,VS0,VE0',
510 silly get     vary: 'Accept-Encoding' } ]
511 verbose get saving asap to /home/bridgeit/.npm/registry.npmjs.org/asap/.cache.json
512 verbose correctMkdir /home/bridgeit/.npm correctMkdir not in flight; initializing
513 silly resolveWithNewModule asap@2.0.5 checking installable status
514 silly cache add args [ 'asap@~2.0.3', null ]
515 verbose cache add spec asap@~2.0.3
516 silly cache add parsed spec Result {
516 silly cache add   raw: 'asap@~2.0.3',
516 silly cache add   scope: null,
516 silly cache add   escapedName: 'asap',
516 silly cache add   name: 'asap',
516 silly cache add   rawSpec: '~2.0.3',
516 silly cache add   spec: '>=2.0.3 <2.1.0',
516 silly cache add   type: 'range' }
517 silly addNamed asap@>=2.0.3 <2.1.0
518 verbose addNamed ">=2.0.3 <2.1.0" is a valid semver range for asap
519 silly addNameRange { name: 'asap', range: '>=2.0.3 <2.1.0', hasData: false }
520 silly mapToRegistry name asap
521 silly mapToRegistry using default registry
522 silly mapToRegistry registry https://registry.npmjs.org/
523 silly mapToRegistry data Result {
523 silly mapToRegistry   raw: 'asap',
523 silly mapToRegistry   scope: null,
523 silly mapToRegistry   escapedName: 'asap',
523 silly mapToRegistry   name: 'asap',
523 silly mapToRegistry   rawSpec: '',
523 silly mapToRegistry   spec: 'latest',
523 silly mapToRegistry   type: 'tag' }
524 silly mapToRegistry uri https://registry.npmjs.org/asap
525 verbose addNameRange registry:https://registry.npmjs.org/asap not in flight; fetching
526 verbose get https://registry.npmjs.org/asap not expired, no request
527 silly addNameRange number 2 { name: 'asap', range: '>=2.0.3 <2.1.0', hasData: true }
528 silly addNameRange versions [ 'asap',
528 silly addNameRange   [ '0.0.0',
528 silly addNameRange     '1.0.0',
528 silly addNameRange     '2.0.0',
528 silly addNameRange     '2.0.1',
528 silly addNameRange     '2.0.2',
528 silly addNameRange     '2.0.3',
528 silly addNameRange     '2.0.4',
528 silly addNameRange     '2.0.5' ] ]
529 silly addNamed asap@2.0.5
530 verbose addNamed "2.0.5" is a plain semver version for asap
531 silly mapToRegistry name asap
532 silly mapToRegistry using default registry
533 silly mapToRegistry registry https://registry.npmjs.org/
534 silly mapToRegistry data Result {
534 silly mapToRegistry   raw: 'asap',
534 silly mapToRegistry   scope: null,
534 silly mapToRegistry   escapedName: 'asap',
534 silly mapToRegistry   name: 'asap',
534 silly mapToRegistry   rawSpec: '',
534 silly mapToRegistry   spec: 'latest',
534 silly mapToRegistry   type: 'tag' }
535 silly mapToRegistry uri https://registry.npmjs.org/asap
536 verbose addRemoteTarball https://registry.npmjs.org/asap/-/asap-2.0.5.tgz not in flight; adding
537 verbose addRemoteTarball [ 'https://registry.npmjs.org/asap/-/asap-2.0.5.tgz',
537 verbose addRemoteTarball   '522765b50c3510490e52d7dcfe085ef9ba96958f' ]
538 info retry fetch attempt 1 at 4:06:46 PM
539 info attempt registry request try #1 at 4:06:46 PM
540 http fetch GET https://registry.npmjs.org/asap/-/asap-2.0.5.tgz
541 http fetch 200 https://registry.npmjs.org/asap/-/asap-2.0.5.tgz
542 silly fetchAndShaCheck shasum 522765b50c3510490e52d7dcfe085ef9ba96958f
543 verbose addTmpTarball /tmp/npm-9681-cc374a8a/registry.npmjs.org/asap/-/asap-2.0.5.tgz not in flight; adding
544 verbose addTmpTarball already have metadata; skipping unpack for asap@2.0.5
545 verbose correctMkdir /home/bridgeit/.npm correctMkdir not in flight; initializing
546 silly cache afterAdd asap@2.0.5
547 verbose afterAdd /home/bridgeit/.npm/asap/2.0.5/package/package.json not in flight; writing
548 verbose correctMkdir /home/bridgeit/.npm correctMkdir not in flight; initializing
549 verbose afterAdd /home/bridgeit/.npm/asap/2.0.5/package/package.json written
550 silly loadAllDepsIntoIdealTree Finishing
551 silly loadIdealTree Finishing
552 silly currentTree lib
553 silly idealTree lib
553 silly idealTree `-- less@2.7.1
553 silly idealTree   +-- asap@2.0.5
553 silly idealTree   +-- errno@0.1.4
553 silly idealTree   +-- graceful-fs@4.1.11
553 silly idealTree   +-- image-size@0.5.1
553 silly idealTree   +-- mime@1.3.4
553 silly idealTree   +-- minimist@0.0.8
553 silly idealTree   +-- mkdirp@0.5.1
553 silly idealTree   +-- promise@7.1.1
553 silly idealTree   +-- prr@0.0.0
553 silly idealTree   `-- source-map@0.5.6
554 silly generateActionsToTake Starting
555 silly install generateActionsToTake
556 warn checkPermissions Missing write access to /usr/lib/node_modules
557 silly rollbackFailedOptional Starting
558 silly rollbackFailedOptional Finishing
559 silly runTopLevelLifecycles Finishing
560 silly install printInstalled
561 verbose stack Error: EACCES: permission denied, access '/usr/lib/node_modules'
561 verbose stack     at Error (native)
562 verbose cwd /var/www/html/papiipage/fundoo-hr/FUNDOO_HR
563 error Linux 4.4.0-57-generic
564 error argv "/usr/bin/nodejs" "/usr/bin/npm" "install" "-g" "less"
565 error node v6.9.2
566 error npm  v3.10.9
567 error path /usr/lib/node_modules
568 error code EACCES
569 error errno -13
570 error syscall access
571 error Error: EACCES: permission denied, access '/usr/lib/node_modules'
571 error     at Error (native)
571 error  { Error: EACCES: permission denied, access '/usr/lib/node_modules'
571 error     at Error (native)
571 error   errno: -13,
571 error   code: 'EACCES',
571 error   syscall: 'access',
571 error   path: '/usr/lib/node_modules' }
572 error Please try running this command again as root/Administrator.
573 verbose exit [ -13, true ]
